<?xml version="1.0" encoding="UTF-8"?>
<!-- Generated by org.testng.reporters.JUnitXMLReporter -->
<testsuite ignored="0" hostname="Milans-MBP" failures="0" tests="3" name="edgeTest" time="42.175" errors="0" timestamp="2023-07-24T22:33:07 EDT">
  <testcase classname="testCase.TestPartyPage" name="Test001_click_prtyCity" time="8.021"/>
  <testcase classname="testCase.TestPartyPage" name="Test002_open_Gradtn_new_win" time="0.787"/>
  <testcase classname="testCase.TestPartyPage" name="Test003_new_winselectSupport" time="0.48"/>
</testsuite> <!-- edgeTest -->
